<?xml version="1.0" encoding="UTF-8"?>
<!-- Generated by org.testng.reporters.JUnitReportReporter -->
<testsuite skipped="0" hostname="LAPTOP-JTNN1PTL" name="testRunner.testRunner" tests="3" failures="0" timestamp="2021-07-14T06:07:01 EDT" time="51.615" errors="0">
  <testcase name="feature" time="51.599" classname="testRunner.testRunner"/>
  <system-out/>
  <testcase name="feature" time="0.008" classname="testRunner.testRunner"/>
  <system-out/>
  <testcase name="feature" time="0.008" classname="testRunner.testRunner"/>
  <system-out/>
</testsuite> <!-- testRunner.testRunner -->
